2024-05-16T09:59:00.806+01:00  INFO 18756 --- [restartedMain] com.fct.BackEnd.BackEndApplication       : Starting BackEndApplication using Java 17.0.10 with PID 18756 (C:\Users\a925515\OneDrive - Eviden\Desktop\ProyectoFinal\BackEnd_FCT\target\classes started by a925515 in C:\Users\a925515\OneDrive - Eviden\Desktop\ProyectoFinal\BackEnd_FCT)
2024-05-16T09:59:00.812+01:00  INFO 18756 --- [restartedMain] com.fct.BackEnd.BackEndApplication       : No active profile set, falling back to 1 default profile: "default"
2024-05-16T09:59:00.916+01:00  INFO 18756 --- [restartedMain] .e.DevToolsPropertyDefaultsPostProcessor : Devtools property defaults active! Set 'spring.devtools.add-properties' to 'false' to disable
2024-05-16T09:59:00.917+01:00  INFO 18756 --- [restartedMain] .e.DevToolsPropertyDefaultsPostProcessor : For additional web related logging consider setting the 'logging.level.web' property to 'DEBUG'
2024-05-16T09:59:02.722+01:00  INFO 18756 --- [restartedMain] .s.d.r.c.RepositoryConfigurationDelegate : Multiple Spring Data modules found, entering strict repository configuration mode
2024-05-16T09:59:02.728+01:00  INFO 18756 --- [restartedMain] .s.d.r.c.RepositoryConfigurationDelegate : Bootstrapping Spring Data JPA repositories in DEFAULT mode.
2024-05-16T09:59:02.816+01:00  INFO 18756 --- [restartedMain] .RepositoryConfigurationExtensionSupport : Spring Data JPA - Could not safely identify store assignment for repository candidate interface com.fct.BackEnd.repository.AdminRepository; If you want this repository to be a JPA repository, consider annotating your entities with one of these annotations: jakarta.persistence.Entity, jakarta.persistence.MappedSuperclass (preferred), or consider extending one of the following types with your repository: org.springframework.data.jpa.repository.JpaRepository
2024-05-16T09:59:02.820+01:00  INFO 18756 --- [restartedMain] .RepositoryConfigurationExtensionSupport : Spring Data JPA - Could not safely identify store assignment for repository candidate interface com.fct.BackEnd.repository.ComentsRepository; If you want this repository to be a JPA repository, consider annotating your entities with one of these annotations: jakarta.persistence.Entity, jakarta.persistence.MappedSuperclass (preferred), or consider extending one of the following types with your repository: org.springframework.data.jpa.repository.JpaRepository
2024-05-16T09:59:02.823+01:00  INFO 18756 --- [restartedMain] .RepositoryConfigurationExtensionSupport : Spring Data JPA - Could not safely identify store assignment for repository candidate interface com.fct.BackEnd.repository.PublicationsRepository; If you want this repository to be a JPA repository, consider annotating your entities with one of these annotations: jakarta.persistence.Entity, jakarta.persistence.MappedSuperclass (preferred), or consider extending one of the following types with your repository: org.springframework.data.jpa.repository.JpaRepository
2024-05-16T09:59:02.828+01:00  INFO 18756 --- [restartedMain] .RepositoryConfigurationExtensionSupport : Spring Data JPA - Could not safely identify store assignment for repository candidate interface com.fct.BackEnd.repository.UserRepository; If you want this repository to be a JPA repository, consider annotating your entities with one of these annotations: jakarta.persistence.Entity, jakarta.persistence.MappedSuperclass (preferred), or consider extending one of the following types with your repository: org.springframework.data.jpa.repository.JpaRepository
2024-05-16T09:59:02.831+01:00  INFO 18756 --- [restartedMain] .s.d.r.c.RepositoryConfigurationDelegate : Finished Spring Data repository scanning in 87 ms. Found 0 JPA repository interfaces.
2024-05-16T09:59:02.925+01:00  INFO 18756 --- [restartedMain] .s.d.r.c.RepositoryConfigurationDelegate : Multiple Spring Data modules found, entering strict repository configuration mode
2024-05-16T09:59:02.926+01:00  INFO 18756 --- [restartedMain] .s.d.r.c.RepositoryConfigurationDelegate : Bootstrapping Spring Data Reactive MongoDB repositories in DEFAULT mode.
2024-05-16T09:59:03.146+01:00  INFO 18756 --- [restartedMain] .s.d.r.c.RepositoryConfigurationDelegate : Finished Spring Data repository scanning in 219 ms. Found 0 Reactive MongoDB repository interfaces.
2024-05-16T09:59:04.260+01:00  INFO 18756 --- [restartedMain] o.s.b.w.embedded.tomcat.TomcatWebServer  : Tomcat initialized with port(s): 8080 (http)
2024-05-16T09:59:04.282+01:00  INFO 18756 --- [restartedMain] o.apache.catalina.core.StandardService   : Starting service [Tomcat]
2024-05-16T09:59:04.283+01:00  INFO 18756 --- [restartedMain] o.apache.catalina.core.StandardEngine    : Starting Servlet engine: [Apache Tomcat/10.1.8]
2024-05-16T09:59:04.412+01:00  INFO 18756 --- [restartedMain] o.a.c.c.C.[Tomcat].[localhost].[/]       : Initializing Spring embedded WebApplicationContext
2024-05-16T09:59:04.413+01:00  INFO 18756 --- [restartedMain] w.s.c.ServletWebServerApplicationContext : Root WebApplicationContext: initialization completed in 3493 ms
2024-05-16T09:59:04.438+01:00  WARN 18756 --- [restartedMain] .s.s.UserDetailsServiceAutoConfiguration : 

Using generated security password: 018469d8-82c9-41de-9821-b7ac2c19bb80

This generated password is for development use only. Your security configuration must be updated before running your application in production.

2024-05-16T09:59:04.560+01:00  WARN 18756 --- [restartedMain] ConfigServletWebServerApplicationContext : Exception encountered during context initialization - cancelling refresh attempt: org.springframework.beans.factory.UnsatisfiedDependencyException: Error creating bean with name 'dataSourceScriptDatabaseInitializer' defined in class path resource [org/springframework/boot/autoconfigure/sql/init/DataSourceInitializationConfiguration.class]: Unsatisfied dependency expressed through method 'dataSourceScriptDatabaseInitializer' parameter 0: Error creating bean with name 'dataSource' defined in class path resource [org/springframework/boot/autoconfigure/jdbc/DataSourceConfiguration$Hikari.class]: Failed to instantiate [com.zaxxer.hikari.HikariDataSource]: Factory method 'dataSource' threw exception with message: Failed to determine a suitable driver class
2024-05-16T09:59:04.565+01:00  INFO 18756 --- [restartedMain] o.apache.catalina.core.StandardService   : Stopping service [Tomcat]
2024-05-16T09:59:04.590+01:00  INFO 18756 --- [restartedMain] .s.b.a.l.ConditionEvaluationReportLogger : 

Error starting ApplicationContext. To display the condition evaluation report re-run your application with 'debug' enabled.
2024-05-16T09:59:04.640+01:00 ERROR 18756 --- [restartedMain] o.s.b.d.LoggingFailureAnalysisReporter   : 

***************************
APPLICATION FAILED TO START
***************************

Description:

Failed to configure a DataSource: 'url' attribute is not specified and no embedded datasource could be configured.

Reason: Failed to determine a suitable driver class


Action:

Consider the following:
	If you want an embedded database (H2, HSQL or Derby), please put it on the classpath.
	If you have database settings to be loaded from a particular profile you may need to activate it (no profiles are currently active).

